Added Component: Designator=C?(TYPE_C)
Added Component: Designator=C?(TYPE_C)
Added Component: Designator=C?(TYPE_C)
Added Component: Designator=D?(D2PACK)
Added Component: Designator=D?(D2PACK)
Added Component: Designator=D?(D2PACK)
Added Component: Designator=P?(HDR1X3)
Added Component: Designator=P?(HDR1X3)
Added Component: Designator=P?(HDR1X3)
Added Component: Designator=R?(0805)
Added Component: Designator=R?(0805)
Added Component: Designator=R?(PV36W)
Added Component: Designator=R?(0805)
Added Component: Designator=R?(PV36W)
Added Component: Designator=R?(0805)
Added Component: Designator=R?(PV36W)
Added Component: Designator=R?(0805)
Added Net: Name=FV
Added Pin To Net: NetName=GND Pin=C?-1
Added Pin To Net: NetName=GND Pin=C?-1
Added Pin To Net: NetName=GND Pin=C?-1
Added Pin To Net: NetName=GND Pin=C?-1
Added Pin To Net: NetName=GND Pin=C?-1
Added Pin To Net: NetName=GND Pin=C?-1
Added Pin To Net: NetName=GND Pin=C?-1
Added Pin To Net: NetName=GND Pin=C?-1
Added Pin To Net: NetName=GND Pin=C?-1
Added Pin To Net: NetName=GND Pin=C?-1
Added Pin To Net: NetName=GND Pin=C?-1
Added Pin To Net: NetName=GND Pin=C?-1
Added Pin To Net: NetName=GND Pin=C?-1
Added Pin To Net: NetName=GND Pin=C?-1
Added Pin To Net: NetName=GND Pin=C?-1
Added Pin To Net: NetName=GND Pin=C?-1
Added Pin To Net: NetName=GND Pin=C?-1
Added Pin To Net: NetName=GND Pin=C?-2
Added Pin To Net: NetName=GND Pin=C?-2
Added Pin To Net: NetName=GND Pin=C?-2
Added Pin To Net: NetName=GND Pin=C?-2
Added Pin To Net: NetName=GND Pin=C?-2
Added Pin To Net: NetName=GND Pin=C?-2
Added Pin To Net: NetName=GND Pin=C?-2
Added Pin To Net: NetName=GND Pin=C?-2
Added Pin To Net: NetName=GND Pin=C?-2
Added Pin To Net: NetName=GND Pin=D?-1
Added Pin To Net: NetName=GND Pin=P?-3
Added Pin To Net: NetName=GND Pin=P?-3
Added Pin To Net: NetName=GND Pin=P?-3
Added Pin To Net: NetName=GND Pin=R?-2
Added Pin To Net: NetName=GND Pin=R?-2
Added Pin To Net: NetName=GND Pin=R?-2
Added Net: Name=GND
Added Net: Name=LV
Added Pin To Net: NetName=NetC?_2 Pin=C?-2
Added Pin To Net: NetName=NetC?_2 Pin=C?-2
Added Net: Name=NetC?_2
Added Net: Name=NetD?_9
Added Net: Name=NetD?_10
Added Net: Name=NetD?_11
Added Net: Name=NetD?_12
Added Net: Name=NetD?_15
Added Net: Name=NetD?_16
Added Pin To Net: NetName=NetD?_19 Pin=P?-2
Added Net: Name=NetD?_19
Added Pin To Net: NetName=NetD?_39 Pin=R?-2
Added Net: Name=NetD?_39
Added Pin To Net: NetName=NetD?_44 Pin=R?-2
Added Net: Name=NetD?_44
Added Net: Name=PIXCLK
Added Pin To Net: NetName=VAA Pin=C?-1
Added Pin To Net: NetName=VAA Pin=C?-1
Added Pin To Net: NetName=VAA Pin=D?-1
Added Pin To Net: NetName=VAA Pin=R?-1
Added Net: Name=VAA
Added Pin To Net: NetName=VCC Pin=C?-1
Added Pin To Net: NetName=VCC Pin=C?-1
Added Pin To Net: NetName=VCC Pin=C?-1
Added Pin To Net: NetName=VCC Pin=D?-3
Added Pin To Net: NetName=VCC Pin=D?-3
Added Pin To Net: NetName=VCC Pin=D?-3
Added Net: Name=VCC
Added Pin To Net: NetName=VDDIO Pin=C?-1
Added Pin To Net: NetName=VDDIO Pin=C?-1
Added Pin To Net: NetName=VDDIO Pin=C?-1
Added Pin To Net: NetName=VDDIO Pin=C?-1
Added Pin To Net: NetName=VDDIO Pin=D?-1
Added Pin To Net: NetName=VDDIO Pin=R?-1
Added Pin To Net: NetName=VDDIO Pin=R?-1
Added Pin To Net: NetName=VDDIO Pin=R?-1
Added Net: Name=VDDIO
Added Pin To Net: NetName=VDD Pin=D?-1
Added Pin To Net: NetName=VDD Pin=P?-1
Added Pin To Net: NetName=VDD Pin=P?-1
Added Pin To Net: NetName=VDD Pin=P?-1
Added Pin To Net: NetName=VDD Pin=R?-1
Added Net: Name=VDD
Added Class: Name=MatrixSCH
Added Room: Name=MatrixSCH
