Added Component: Designator=C3(TYPE_C)
Added Component: Designator=C15(TYPE_C)
Added Component: Designator=C25(TYPE_C)
Added Component: Designator=D2(D2PACK)
Added Component: Designator=D3(D2PACK)
Added Component: Designator=D4(D2PACK)
Added Component: Designator=P1(HDR1X3)
Added Component: Designator=P2(HDR1X3)
Added Component: Designator=P3(HDR1X3)
Added Component: Designator=R1(0805)
Added Component: Designator=R2(0805)
Added Component: Designator=R3(PV36W)
Added Component: Designator=R4(0805)
Added Component: Designator=R5(PV36W)
Added Component: Designator=R6(0805)
Added Component: Designator=R7(PV36W)
Added Component: Designator=R8(0805)
Added Net: Name=FV
Added Pin To Net: NetName=GND Pin=C3-1
Added Pin To Net: NetName=GND Pin=C15-1
Added Pin To Net: NetName=GND Pin=C25-1
Added Pin To Net: NetName=GND Pin=P1-3
Added Pin To Net: NetName=GND Pin=P2-3
Added Pin To Net: NetName=GND Pin=P3-3
Added Pin To Net: NetName=GND Pin=R3-2
Added Pin To Net: NetName=GND Pin=R5-2
Added Pin To Net: NetName=GND Pin=R7-2
Added Net: Name=GND
Added Net: Name=LV
Added Net: Name=NetC1_2
Added Pin To Net: NetName=NetC3_2 Pin=C3-2
Added Pin To Net: NetName=NetC3_2 Pin=D2-2
Added Pin To Net: NetName=NetC3_2 Pin=R3-1
Added Pin To Net: NetName=NetC3_2 Pin=R4-2
Added Net: Name=NetC3_2
Added Net: Name=NetC4_2
Added Net: Name=NetC7_2
Added Net: Name=NetC11_2
Added Net: Name=NetC13_2
Added Pin To Net: NetName=NetC15_2 Pin=C15-2
Added Pin To Net: NetName=NetC15_2 Pin=D3-2
Added Pin To Net: NetName=NetC15_2 Pin=R5-1
Added Pin To Net: NetName=NetC15_2 Pin=R6-2
Added Net: Name=NetC15_2
Added Net: Name=NetC17_2
Added Net: Name=NetC21_2
Added Pin To Net: NetName=NetC25_2 Pin=C25-2
Added Pin To Net: NetName=NetC25_2 Pin=D4-2
Added Pin To Net: NetName=NetC25_2 Pin=R7-1
Added Pin To Net: NetName=NetC25_2 Pin=R8-2
Added Net: Name=NetC25_2
Added Net: Name=NetD1_9
Added Net: Name=NetD1_10
Added Net: Name=NetD1_11
Added Net: Name=NetD1_12
Added Net: Name=NetD1_15
Added Net: Name=NetD1_16
Added Pin To Net: NetName=NetD1_19 Pin=P1-2
Added Net: Name=NetD1_19
Added Pin To Net: NetName=NetD1_39 Pin=R1-2
Added Net: Name=NetD1_39
Added Pin To Net: NetName=NetD1_44 Pin=R2-2
Added Net: Name=NetD1_44
Added Net: Name=PIXCLK
Added Pin To Net: NetName=VAA Pin=D4-1
Added Pin To Net: NetName=VAA Pin=R8-1
Added Net: Name=VAA
Added Pin To Net: NetName=VCC Pin=D2-3
Added Pin To Net: NetName=VCC Pin=D3-3
Added Pin To Net: NetName=VCC Pin=D4-3
Added Net: Name=VCC
Added Pin To Net: NetName=VDDIO Pin=D3-1
Added Pin To Net: NetName=VDDIO Pin=R1-1
Added Pin To Net: NetName=VDDIO Pin=R2-1
Added Pin To Net: NetName=VDDIO Pin=R6-1
Added Net: Name=VDDIO
Added Pin To Net: NetName=VDD Pin=D2-1
Added Pin To Net: NetName=VDD Pin=P1-1
Added Pin To Net: NetName=VDD Pin=P2-1
Added Pin To Net: NetName=VDD Pin=P3-1
Added Pin To Net: NetName=VDD Pin=R4-1
Added Net: Name=VDD
Added Class: Name=MatrixSCH
Added Room: Name=MatrixSCH
