Removed Pin From Net: NetName=PIXCLK Pin=X2-2
Removed Pin From Net: NetName=LV Pin=X2-3
Removed Pin From Net: NetName=DOUT7 Pin=X2-7
Removed Pin From Net: NetName=DOUT6 Pin=X2-8
Removed Pin From Net: NetName=DOUT5 Pin=X2-9
Removed Pin From Net: NetName=DOUT4 Pin=X2-10
Removed Pin From Net: NetName=DOUT_LSB1 Pin=X2-20
Removed Pin From Net: NetName=DOUT_LSB0 Pin=X2-21
Removed Pin From Net: NetName=FV Pin=X2-23
Removed Pin From Net: NetName=DOUT3 Pin=X2-25
Removed Pin From Net: NetName=DOUT2 Pin=X2-26
Removed Pin From Net: NetName=DOUT1 Pin=X2-27
Removed Pin From Net: NetName=DOUT0 Pin=X2-28
Removed Pin From Net: NetName=SCLK Pin=X2-30
Removed Pin From Net: NetName=EXTCLK Pin=X2-32
Removed Pin From Net: NetName=SDATA Pin=X2-36
Added Pin To Net: NetName=LV Pin=X2-2
Added Pin To Net: NetName=DOUT_LSB0 Pin=X2-3
Added Pin To Net: NetName=DOUT6 Pin=X2-7
Added Pin To Net: NetName=DOUT4 Pin=X2-8
Added Pin To Net: NetName=DOUT3 Pin=X2-9
Added Pin To Net: NetName=DOUT0 Pin=X2-10
Added Pin To Net: NetName=SCLK Pin=X2-12
Added Pin To Net: NetName=SDATA Pin=X2-17
Added Pin To Net: NetName=FV Pin=X2-20
Added Pin To Net: NetName=DOUT_LSB1 Pin=X2-21
Added Pin To Net: NetName=PIXCLK Pin=X2-23
Added Pin To Net: NetName=DOUT7 Pin=X2-25
Added Pin To Net: NetName=DOUT5 Pin=X2-26
Added Pin To Net: NetName=DOUT2 Pin=X2-27
Added Pin To Net: NetName=DOUT1 Pin=X2-28
Added Pin To Net: NetName=EXTCLK Pin=X2-30
